<?xml version="1.0" encoding="UTF-8"?>
<testng-results skipped="0" failed="0" ignored="1" total="2" passed="1">
  <reporter-output>
  </reporter-output>
  <suite name="Default suite" duration-ms="4194" started-at="2020-04-14T05:59:12Z" finished-at="2020-04-14T05:59:17Z">
    <groups>
    </groups>
    <test name="Default test" duration-ms="4194" started-at="2020-04-14T05:59:12Z" finished-at="2020-04-14T05:59:17Z">
      <class name="Test.HomePageTest">
        <test-method status="PASS" signature="setUp()[pri:0, instance:Test.HomePageTest@42d80b78]" name="setUp" is-config="true" duration-ms="4034" started-at="2020-04-14T05:59:13Z" finished-at="2020-04-14T05:59:17Z">
          <reporter-output>
          </reporter-output>
        </test-method> <!-- setUp -->
        <test-method status="PASS" signature="getTitle()[pri:1, instance:Test.HomePageTest@42d80b78]" name="getTitle" duration-ms="41" started-at="2020-04-14T05:59:17Z" description="Home Page title " finished-at="2020-04-14T05:59:17Z">
          <reporter-output>
          </reporter-output>
        </test-method> <!-- getTitle -->
        <test-method status="PASS" signature="tearDown()[pri:0, instance:Test.HomePageTest@42d80b78]" name="tearDown" is-config="true" duration-ms="100" started-at="2020-04-14T05:59:17Z" finished-at="2020-04-14T05:59:17Z">
          <reporter-output>
          </reporter-output>
        </test-method> <!-- tearDown -->
      </class> <!-- Test.HomePageTest -->
    </test> <!-- Default test -->
  </suite> <!-- Default suite -->
</testng-results>
